

============================== 2022-08-06 17:50:43.121349 | f511aa11-f94b-4409-a5a1-89dc29eae688 ==============================
[0m17:50:43.121354 [info ] [MainThread]: Running with dbt=1.2.0
[0m17:50:43.121527 [debug] [MainThread]: running dbt with arguments {'write_json': True, 'use_colors': True, 'printer_width': 80, 'version_check': True, 'partial_parse': True, 'static_parser': True, 'profiles_dir': '/Users/anipadak/.dbt', 'send_anonymous_usage_stats': True, 'event_buffer_size': 100000, 'quiet': False, 'no_print': False, 'skip_profile_setup': False, 'which': 'init', 'indirect_selection': 'eager'}
[0m17:50:43.121593 [debug] [MainThread]: Tracking: tracking
[0m17:50:43.134561 [debug] [MainThread]: Sending event: {'category': 'dbt', 'action': 'invocation', 'label': 'start', 'context': [<snowplow_tracker.self_describing_json.SelfDescribingJson object at 0x1105b0520>, <snowplow_tracker.self_describing_json.SelfDescribingJson object at 0x1105b0a90>, <snowplow_tracker.self_describing_json.SelfDescribingJson object at 0x1105b0700>]}
[0m17:50:43.135170 [info ] [MainThread]: Creating dbt configuration folder at /Users/anipadak/.dbt
[0m17:51:07.933289 [debug] [MainThread]: Starter project path: /opt/homebrew/Cellar/dbt-bigquery/1.2.0/libexec/lib/python3.9/site-packages/dbt/include/starter_project
[0m18:03:18.120807 [info ] [MainThread]: Profile demo_dbt written to /Users/anipadak/.dbt/profiles.yml using target's profile_template.yml and your supplied values. Run 'dbt debug' to validate the connection.
[0m18:03:18.155144 [info ] [MainThread]: 
Your new dbt project "demo_dbt" was created!

For more information on how to configure the profiles.yml file,
please consult the dbt documentation here:

  https://docs.getdbt.com/docs/configure-your-profile

One more thing:

Need help? Don't hesitate to reach out to us via GitHub issues or on Slack:

  https://community.getdbt.com/

Happy modeling!

[0m18:03:18.168061 [debug] [MainThread]: Sending event: {'category': 'dbt', 'action': 'invocation', 'label': 'end', 'context': [<snowplow_tracker.self_describing_json.SelfDescribingJson object at 0x11068ca60>, <snowplow_tracker.self_describing_json.SelfDescribingJson object at 0x110650c10>, <snowplow_tracker.self_describing_json.SelfDescribingJson object at 0x1106509a0>]}


============================== 2022-08-07 17:21:43.139079 | c5338e4c-f53b-4653-9bd4-c535e792141c ==============================
[0m17:21:43.139085 [info ] [MainThread]: Running with dbt=1.2.0
[0m17:21:43.139268 [debug] [MainThread]: running dbt with arguments {'write_json': True, 'use_colors': True, 'printer_width': 80, 'version_check': True, 'partial_parse': True, 'static_parser': True, 'profiles_dir': '/Users/anipadak/.dbt', 'send_anonymous_usage_stats': True, 'event_buffer_size': 100000, 'quiet': False, 'no_print': False, 'config_dir': False, 'which': 'debug', 'indirect_selection': 'eager'}
[0m17:21:43.139334 [debug] [MainThread]: Tracking: tracking
[0m17:21:43.152948 [debug] [MainThread]: Sending event: {'category': 'dbt', 'action': 'invocation', 'label': 'start', 'context': [<snowplow_tracker.self_describing_json.SelfDescribingJson object at 0x103d50790>, <snowplow_tracker.self_describing_json.SelfDescribingJson object at 0x103d50610>, <snowplow_tracker.self_describing_json.SelfDescribingJson object at 0x103d50640>]}
[0m17:21:43.481245 [debug] [MainThread]: Executing "git --help"
[0m17:21:43.495990 [debug] [MainThread]: STDOUT: "b"usage: git [-v | --version] [-h | --help] [-C <path>] [-c <name>=<value>]\n           [--exec-path[=<path>]] [--html-path] [--man-path] [--info-path]\n           [-p | --paginate | -P | --no-pager] [--no-replace-objects] [--bare]\n           [--git-dir=<path>] [--work-tree=<path>] [--namespace=<name>]\n           [--super-prefix=<path>] [--config-env=<name>=<envvar>]\n           <command> [<args>]\n\nThese are common Git commands used in various situations:\n\nstart a working area (see also: git help tutorial)\n   clone     Clone a repository into a new directory\n   init      Create an empty Git repository or reinitialize an existing one\n\nwork on the current change (see also: git help everyday)\n   add       Add file contents to the index\n   mv        Move or rename a file, a directory, or a symlink\n   restore   Restore working tree files\n   rm        Remove files from the working tree and from the index\n\nexamine the history and state (see also: git help revisions)\n   bisect    Use binary search to find the commit that introduced a bug\n   diff      Show changes between commits, commit and working tree, etc\n   grep      Print lines matching a pattern\n   log       Show commit logs\n   show      Show various types of objects\n   status    Show the working tree status\n\ngrow, mark and tweak your common history\n   branch    List, create, or delete branches\n   commit    Record changes to the repository\n   merge     Join two or more development histories together\n   rebase    Reapply commits on top of another base tip\n   reset     Reset current HEAD to the specified state\n   switch    Switch branches\n   tag       Create, list, delete or verify a tag object signed with GPG\n\ncollaborate (see also: git help workflows)\n   fetch     Download objects and refs from another repository\n   pull      Fetch from and integrate with another repository or a local branch\n   push      Update remote refs along with associated objects\n\n'git help -a' and 'git help -g' list available subcommands and some\nconcept guides. See 'git help <command>' or 'git help <concept>'\nto read about a specific subcommand or concept.\nSee 'git help git' for an overview of the system.\n""
[0m17:21:43.496367 [debug] [MainThread]: STDERR: "b''"
[0m17:21:43.501506 [debug] [MainThread]: Acquiring new bigquery connection "debug"
[0m17:21:43.502037 [debug] [MainThread]: Opening a new connection, currently in state init
[0m17:21:43.610750 [debug] [MainThread]: On debug: select 1 as id
[0m17:21:46.332173 [debug] [MainThread]: Sending event: {'category': 'dbt', 'action': 'invocation', 'label': 'end', 'context': [<snowplow_tracker.self_describing_json.SelfDescribingJson object at 0x105093f40>, <snowplow_tracker.self_describing_json.SelfDescribingJson object at 0x1050f9ee0>, <snowplow_tracker.self_describing_json.SelfDescribingJson object at 0x1050f9f70>]}
[0m17:21:47.319683 [debug] [MainThread]: Connection 'debug' was properly closed.


============================== 2022-08-07 17:22:17.566557 | 13691ef3-6657-4988-a0f3-62a3308d2908 ==============================
[0m17:22:17.566564 [info ] [MainThread]: Running with dbt=1.2.0
[0m17:22:17.566892 [debug] [MainThread]: running dbt with arguments {'write_json': True, 'use_colors': True, 'printer_width': 80, 'version_check': True, 'partial_parse': True, 'static_parser': True, 'profiles_dir': '/Users/anipadak/.dbt', 'send_anonymous_usage_stats': True, 'event_buffer_size': 100000, 'quiet': False, 'no_print': False, 'config_dir': False, 'which': 'debug', 'indirect_selection': 'eager'}
[0m17:22:17.566970 [debug] [MainThread]: Tracking: tracking
[0m17:22:17.578169 [debug] [MainThread]: Sending event: {'category': 'dbt', 'action': 'invocation', 'label': 'start', 'context': [<snowplow_tracker.self_describing_json.SelfDescribingJson object at 0x1079c37f0>, <snowplow_tracker.self_describing_json.SelfDescribingJson object at 0x1079c3670>, <snowplow_tracker.self_describing_json.SelfDescribingJson object at 0x1079c36a0>]}
[0m17:22:17.838458 [debug] [MainThread]: Executing "git --help"
[0m17:22:17.849624 [debug] [MainThread]: STDOUT: "b"usage: git [-v | --version] [-h | --help] [-C <path>] [-c <name>=<value>]\n           [--exec-path[=<path>]] [--html-path] [--man-path] [--info-path]\n           [-p | --paginate | -P | --no-pager] [--no-replace-objects] [--bare]\n           [--git-dir=<path>] [--work-tree=<path>] [--namespace=<name>]\n           [--super-prefix=<path>] [--config-env=<name>=<envvar>]\n           <command> [<args>]\n\nThese are common Git commands used in various situations:\n\nstart a working area (see also: git help tutorial)\n   clone     Clone a repository into a new directory\n   init      Create an empty Git repository or reinitialize an existing one\n\nwork on the current change (see also: git help everyday)\n   add       Add file contents to the index\n   mv        Move or rename a file, a directory, or a symlink\n   restore   Restore working tree files\n   rm        Remove files from the working tree and from the index\n\nexamine the history and state (see also: git help revisions)\n   bisect    Use binary search to find the commit that introduced a bug\n   diff      Show changes between commits, commit and working tree, etc\n   grep      Print lines matching a pattern\n   log       Show commit logs\n   show      Show various types of objects\n   status    Show the working tree status\n\ngrow, mark and tweak your common history\n   branch    List, create, or delete branches\n   commit    Record changes to the repository\n   merge     Join two or more development histories together\n   rebase    Reapply commits on top of another base tip\n   reset     Reset current HEAD to the specified state\n   switch    Switch branches\n   tag       Create, list, delete or verify a tag object signed with GPG\n\ncollaborate (see also: git help workflows)\n   fetch     Download objects and refs from another repository\n   pull      Fetch from and integrate with another repository or a local branch\n   push      Update remote refs along with associated objects\n\n'git help -a' and 'git help -g' list available subcommands and some\nconcept guides. See 'git help <command>' or 'git help <concept>'\nto read about a specific subcommand or concept.\nSee 'git help git' for an overview of the system.\n""
[0m17:22:17.850051 [debug] [MainThread]: STDERR: "b''"
[0m17:22:17.853342 [debug] [MainThread]: Acquiring new bigquery connection "debug"
[0m17:22:17.853836 [debug] [MainThread]: Opening a new connection, currently in state init
[0m17:22:17.855445 [debug] [MainThread]: On debug: select 1 as id
[0m17:22:19.948188 [debug] [MainThread]: Sending event: {'category': 'dbt', 'action': 'invocation', 'label': 'end', 'context': [<snowplow_tracker.self_describing_json.SelfDescribingJson object at 0x1107515e0>, <snowplow_tracker.self_describing_json.SelfDescribingJson object at 0x1107510a0>, <snowplow_tracker.self_describing_json.SelfDescribingJson object at 0x110751910>]}
[0m17:22:22.121936 [debug] [MainThread]: Connection 'debug' was properly closed.


============================== 2022-08-07 17:26:09.472082 | 1161dcab-3301-4b9a-82cc-753560e1b284 ==============================
[0m17:26:09.472088 [info ] [MainThread]: Running with dbt=1.2.0
[0m17:26:09.472432 [debug] [MainThread]: running dbt with arguments {'write_json': True, 'use_colors': True, 'printer_width': 80, 'version_check': True, 'partial_parse': True, 'static_parser': True, 'profiles_dir': '/Users/anipadak/.dbt', 'send_anonymous_usage_stats': True, 'event_buffer_size': 100000, 'quiet': False, 'no_print': False, 'config_dir': False, 'which': 'debug', 'indirect_selection': 'eager'}
[0m17:26:09.472503 [debug] [MainThread]: Tracking: tracking
[0m17:26:09.483404 [debug] [MainThread]: Sending event: {'category': 'dbt', 'action': 'invocation', 'label': 'start', 'context': [<snowplow_tracker.self_describing_json.SelfDescribingJson object at 0x106a837f0>, <snowplow_tracker.self_describing_json.SelfDescribingJson object at 0x106a83670>, <snowplow_tracker.self_describing_json.SelfDescribingJson object at 0x106a836a0>]}
[0m17:26:09.723129 [debug] [MainThread]: Executing "git --help"
[0m17:26:09.735962 [debug] [MainThread]: STDOUT: "b"usage: git [-v | --version] [-h | --help] [-C <path>] [-c <name>=<value>]\n           [--exec-path[=<path>]] [--html-path] [--man-path] [--info-path]\n           [-p | --paginate | -P | --no-pager] [--no-replace-objects] [--bare]\n           [--git-dir=<path>] [--work-tree=<path>] [--namespace=<name>]\n           [--super-prefix=<path>] [--config-env=<name>=<envvar>]\n           <command> [<args>]\n\nThese are common Git commands used in various situations:\n\nstart a working area (see also: git help tutorial)\n   clone     Clone a repository into a new directory\n   init      Create an empty Git repository or reinitialize an existing one\n\nwork on the current change (see also: git help everyday)\n   add       Add file contents to the index\n   mv        Move or rename a file, a directory, or a symlink\n   restore   Restore working tree files\n   rm        Remove files from the working tree and from the index\n\nexamine the history and state (see also: git help revisions)\n   bisect    Use binary search to find the commit that introduced a bug\n   diff      Show changes between commits, commit and working tree, etc\n   grep      Print lines matching a pattern\n   log       Show commit logs\n   show      Show various types of objects\n   status    Show the working tree status\n\ngrow, mark and tweak your common history\n   branch    List, create, or delete branches\n   commit    Record changes to the repository\n   merge     Join two or more development histories together\n   rebase    Reapply commits on top of another base tip\n   reset     Reset current HEAD to the specified state\n   switch    Switch branches\n   tag       Create, list, delete or verify a tag object signed with GPG\n\ncollaborate (see also: git help workflows)\n   fetch     Download objects and refs from another repository\n   pull      Fetch from and integrate with another repository or a local branch\n   push      Update remote refs along with associated objects\n\n'git help -a' and 'git help -g' list available subcommands and some\nconcept guides. See 'git help <command>' or 'git help <concept>'\nto read about a specific subcommand or concept.\nSee 'git help git' for an overview of the system.\n""
[0m17:26:09.736312 [debug] [MainThread]: STDERR: "b''"
[0m17:26:09.739742 [debug] [MainThread]: Acquiring new bigquery connection "debug"
[0m17:26:09.740303 [debug] [MainThread]: Opening a new connection, currently in state init
[0m17:26:09.742359 [debug] [MainThread]: On debug: select 1 as id
[0m17:26:11.826956 [debug] [MainThread]: Sending event: {'category': 'dbt', 'action': 'invocation', 'label': 'end', 'context': [<snowplow_tracker.self_describing_json.SelfDescribingJson object at 0x106a893a0>, <snowplow_tracker.self_describing_json.SelfDescribingJson object at 0x106a898b0>, <snowplow_tracker.self_describing_json.SelfDescribingJson object at 0x107de7880>]}
[0m17:26:13.004140 [debug] [MainThread]: Connection 'debug' was properly closed.
